C51 COMPILER V9.02   CODE                                                                  02/07/2013 19:16:14 PAGE 1   


C51 COMPILER V9.02, COMPILATION OF MODULE CODE
OBJECT MODULE PLACED IN code.OBJ
COMPILER INVOKED BY: C:\Keil\C51\BIN\C51.EXE code.c

line level    source

   1                   #include<reg51.h>
   2                  sbit R0 = P0^6;
   3                  sbit Y0 = P0^0;
   4                  sbit G0 = P1^4;
   5                  sbit R1 = P0^4;
   6                  sbit Y1 = P1^7;
   7                  sbit G1 = P1^2;
   8                  sbit R2 = P0^2;
   9                  sbit Y2 = P1^6;
  10                  sbit G2 = P1^0;
  11          void delay_ms(unsigned int del)
  12          {
  13   1      unsigned int i,j;
  14   1      for(i = 0; i < del; i ++)
  15   1      for(j = 0; j < 1275; j ++);
  16   1      }
  17          #define RESET_DELAY 1000         // (aprox 1 second)
  18          #define RED_DELAY 3000           // (aprox 1 second)
  19          #define YELLOW_DELAY 1000        // (aprox 1 second)
  20          #define GREEN_DELAY 3000        // (aprox 3 second)
  21          
  22          void main()
  23          {
  24   1      // Initialize all lights////////
  25   1      // Switch on all red signals.
  26   1      R0 = R1 = R2 = 0;
  27   1      // Switch off all other signals.
  28   1      Y0 = Y1 = Y2 = G0 = G1 = G2 = 1;
  29   1      delay_ms(RESET_DELAY);
  30   1      ////////////////////////////////
  31   1      while(1)
  32   1      
  33   1       {
  34   2      // First service way 0.////////////////////
  35   2      // Switch on yellow of way 0.
  36   2                      Y0 = 0;
  37   2                      delay_ms(YELLOW_DELAY);
  38   2      // Switch off red and yellow of way 0 and
  39   2      // switch on green of way 0.
  40   2                      R2 = 0;
  41   2                      R0 = 1;
  42   2                      Y0 = 1;
  43   2                      G0 = 0;
  44   2                      delay_ms(GREEN_DELAY);
  45   2      // Switch off green of way 0 and
  46   2      // switch on yellow of way 0;
  47   2              G0 = 1;
  48   2              Y0 = 0;
  49   2              Y1 = 0;
  50   2              delay_ms(YELLOW_DELAY);
  51   2      // Switch off yellow of way 0 and
  52   2      // switch on red of way 0;
  53   2              Y0 = 1;
  54   2              Y1 = 1;
  55   2              R0 = 0;
C51 COMPILER V9.02   CODE                                                                  02/07/2013 19:16:14 PAGE 2   

  56   2              G1 = 0;
  57   2              delay_ms(GREEN_DELAY);
  58   2      /////////////////////////////////////////
  59   2      // Now service way 1.////////////////////
  60   2      // Switch on yellow of way 1.
  61   2              Y1 = 0;
  62   2              delay_ms(YELLOW_DELAY);
  63   2      // Switch off red and yellow of way 1 and
  64   2      // switch on green of way 1.
  65   2              R1 = 1;
  66   2              Y1 = 1;
  67   2              G1 = 0;
  68   2              delay_ms(GREEN_DELAY);
  69   2      // Switch off green of way 1 and
  70   2      // switch on yellow of way 1;
  71   2              G1 = 1;
  72   2              Y1 = 0;
  73   2              Y2 = 0;
  74   2              delay_ms(YELLOW_DELAY);
  75   2      // Switch off yellow of way 1 and
  76   2      // switch on red of way 1;
  77   2              Y1 = 1;
  78   2              Y2 = 1;
  79   2              R1 = 0;
  80   2              G2 = 0;
  81   2              delay_ms(GREEN_DELAY);
  82   2              Y2 = 0;
  83   2              G2 = 1;
  84   2              
  85   2      }
  86   1         }


MODULE INFORMATION:   STATIC OVERLAYABLE
   CODE SIZE        =    147    ----
   CONSTANT SIZE    =   ----    ----
   XDATA SIZE       =   ----    ----
   PDATA SIZE       =   ----    ----
   DATA SIZE        =   ----    ----
   IDATA SIZE       =   ----    ----
   BIT SIZE         =   ----    ----
END OF MODULE INFORMATION.


C51 COMPILATION COMPLETE.  0 WARNING(S),  0 ERROR(S)
